This file contains any messages produced by compilers while
running configure, to aid debugging if configure makes a mistake.

It was created by cairo configure 1.12.18, which was
generated by GNU Autoconf 2.68.  Invocation command line was

  $ ./configure --prefix=/usr/local --disable-dependency-tracking

## --------- ##
## Platform. ##
## --------- ##

hostname = Ahsans-MacBook-Pro.local
uname -m = x86_64
uname -r = 14.1.0
uname -s = Darwin
uname -v = Darwin Kernel Version 14.1.0: Mon Dec 22 23:10:38 PST 2014; root:xnu-2782.10.72~2/RELEASE_X86_64

/usr/bin/uname -p = i386
/bin/uname -X     = unknown

/bin/arch              = unknown
/usr/bin/arch -k       = unknown
/usr/convex/getsysinfo = unknown
/usr/bin/hostinfo      = Mach kernel version:
	 Darwin Kernel Version 14.1.0: Mon Dec 22 23:10:38 PST 2014; root:xnu-2782.10.72~2/RELEASE_X86_64
Kernel configured for up to 4 processors.
2 processors are physically available.
4 processors are logically available.
Processor type: x86_64h (Intel x86-64h Haswell)
Processors active: 0 1 2 3
Primary memory available: 8.00 gigabytes
Default processor set: 270 tasks, 1377 threads, 4 processors
Load average: 4.00, Mach factor: 0.92
/bin/machine           = unknown
/usr/bin/oslevel       = unknown
/bin/universe          = unknown

PATH: /Library/Frameworks/Python.framework/Versions/3.4/bin
PATH: /usr/local/bin
PATH: /usr/local/bin
PATH: /usr/bin
PATH: /bin
PATH: /usr/sbin
PATH: /sbin
PATH: /opt/X11/bin
PATH: /Library/TeX/texbin


## ----------- ##
## Core tests. ##
## ----------- ##

configure:3174: checking for gcc
configure:3190: found /usr/bin/gcc
configure:3201: result: gcc
configure:3430: checking for C compiler version
configure:3439: gcc --version >&5
Apple LLVM version 6.0 (clang-600.0.57) (based on LLVM 3.5svn)
Target: x86_64-apple-darwin14.1.0
Thread model: posix
Configured with: --prefix=/Applications/Xcode.app/Contents/Developer/usr --with-gxx-include-dir=/Applications/Xcode.app/Contents/Developer/Platforms/MacOSX.platform/Developer/SDKs/MacOSX10.10.sdk/usr/include/c++/4.2.1
configure:3450: $? = 0
configure:3439: gcc -v >&5
Configured with: --prefix=/Applications/Xcode.app/Contents/Developer/usr --with-gxx-include-dir=/Applications/Xcode.app/Contents/Developer/Platforms/MacOSX.platform/Developer/SDKs/MacOSX10.10.sdk/usr/include/c++/4.2.1
Apple LLVM version 6.0 (clang-600.0.57) (based on LLVM 3.5svn)
Target: x86_64-apple-darwin14.1.0
Thread model: posix
configure:3450: $? = 0
configure:3439: gcc -V >&5
clang: error: argument to '-V' is missing (expected 1 value)
clang: error: no input files
configure:3450: $? = 1
configure:3439: gcc -qversion >&5
clang: error: unknown argument: '-qversion'
clang: error: no input files
configure:3450: $? = 1
configure:3470: checking whether the C compiler works
configure:3492: gcc    conftest.c  >&5
configure:3496: $? = 0
configure:3544: result: yes
configure:3547: checking for C compiler default output file name
configure:3549: result: a.out
configure:3555: checking for suffix of executables
configure:3562: gcc -o conftest    conftest.c  >&5
configure:3566: $? = 0
configure:3588: result: 
configure:3610: checking whether we are cross compiling
configure:3618: gcc -o conftest    conftest.c  >&5
configure:3622: $? = 0
configure:3629: ./conftest
configure:3633: $? = 0
configure:3648: result: no
configure:3653: checking for suffix of object files
configure:3675: gcc -c   conftest.c >&5
configure:3679: $? = 0
configure:3700: result: o
configure:3704: checking whether we are using the GNU C compiler
configure:3723: gcc -c   conftest.c >&5
configure:3723: $? = 0
configure:3732: result: yes
configure:3741: checking whether gcc accepts -g
configure:3761: gcc -c -g  conftest.c >&5
configure:3761: $? = 0
configure:3802: result: yes
configure:3819: checking for gcc option to accept ISO C89
configure:3883: gcc  -c -g -O2  conftest.c >&5
configure:3883: $? = 0
configure:3896: result: none needed
configure:3922: checking how to run the C preprocessor
configure:3953: gcc -E  conftest.c
configure:3953: $? = 0
configure:3967: gcc -E  conftest.c
conftest.c:9:10: fatal error: 'ac_nonexistent.h' file not found
#include <ac_nonexistent.h>
         ^
1 error generated.
configure:3967: $? = 1
configure: failed program was:
| /* confdefs.h */
| #define PACKAGE_NAME "cairo"
| #define PACKAGE_TARNAME "cairo"
| #define PACKAGE_VERSION "1.12.18"
| #define PACKAGE_STRING "cairo 1.12.18"
| #define PACKAGE_BUGREPORT "http://bugs.freedesktop.org/enter_bug.cgi?product=cairo"
| #define PACKAGE_URL "http://cairographics.org/"
| /* end confdefs.h.  */
| #include <ac_nonexistent.h>
configure:3992: result: gcc -E
configure:4012: gcc -E  conftest.c
configure:4012: $? = 0
configure:4026: gcc -E  conftest.c
conftest.c:9:10: fatal error: 'ac_nonexistent.h' file not found
#include <ac_nonexistent.h>
         ^
1 error generated.
configure:4026: $? = 1
configure: failed program was:
| /* confdefs.h */
| #define PACKAGE_NAME "cairo"
| #define PACKAGE_TARNAME "cairo"
| #define PACKAGE_VERSION "1.12.18"
| #define PACKAGE_STRING "cairo 1.12.18"
| #define PACKAGE_BUGREPORT "http://bugs.freedesktop.org/enter_bug.cgi?product=cairo"
| #define PACKAGE_URL "http://cairographics.org/"
| /* end confdefs.h.  */
| #include <ac_nonexistent.h>
configure:4055: checking for grep that handles long lines and -e
configure:4113: result: /usr/bin/grep
configure:4118: checking for egrep
configure:4180: result: /usr/bin/grep -E
configure:4185: checking for ANSI C header files
configure:4205: gcc -c -g -O2  conftest.c >&5
configure:4205: $? = 0
configure:4278: gcc -o conftest -g -O2   conftest.c  >&5
configure:4278: $? = 0
configure:4278: ./conftest
configure:4278: $? = 0
configure:4289: result: yes
configure:4302: checking for sys/types.h
configure:4302: gcc -c -g -O2  conftest.c >&5
configure:4302: $? = 0
configure:4302: result: yes
configure:4302: checking for sys/stat.h
configure:4302: gcc -c -g -O2  conftest.c >&5
configure:4302: $? = 0
configure:4302: result: yes
configure:4302: checking for stdlib.h
configure:4302: gcc -c -g -O2  conftest.c >&5
configure:4302: $? = 0
configure:4302: result: yes
configure:4302: checking for string.h
configure:4302: gcc -c -g -O2  conftest.c >&5
configure:4302: $? = 0
configure:4302: result: yes
configure:4302: checking for memory.h
configure:4302: gcc -c -g -O2  conftest.c >&5
configure:4302: $? = 0
configure:4302: result: yes
configure:4302: checking for strings.h
configure:4302: gcc -c -g -O2  conftest.c >&5
configure:4302: $? = 0
configure:4302: result: yes
configure:4302: checking for inttypes.h
configure:4302: gcc -c -g -O2  conftest.c >&5
configure:4302: $? = 0
configure:4302: result: yes
configure:4302: checking for stdint.h
configure:4302: gcc -c -g -O2  conftest.c >&5
configure:4302: $? = 0
configure:4302: result: yes
configure:4302: checking for unistd.h
configure:4302: gcc -c -g -O2  conftest.c >&5
configure:4302: $? = 0
configure:4302: result: yes
configure:4315: checking minix/config.h usability
configure:4315: gcc -c -g -O2  conftest.c >&5
conftest.c:52:10: fatal error: 'minix/config.h' file not found
#include <minix/config.h>
         ^
1 error generated.
configure:4315: $? = 1
configure: failed program was:
| /* confdefs.h */
| #define PACKAGE_NAME "cairo"
| #define PACKAGE_TARNAME "cairo"
| #define PACKAGE_VERSION "1.12.18"
| #define PACKAGE_STRING "cairo 1.12.18"
| #define PACKAGE_BUGREPORT "http://bugs.freedesktop.org/enter_bug.cgi?product=cairo"
| #define PACKAGE_URL "http://cairographics.org/"
| #define STDC_HEADERS 1
| #define HAVE_SYS_TYPES_H 1
| #define HAVE_SYS_STAT_H 1
| #define HAVE_STDLIB_H 1
| #define HAVE_STRING_H 1
| #define HAVE_MEMORY_H 1
| #define HAVE_STRINGS_H 1
| #define HAVE_INTTYPES_H 1
| #define HAVE_STDINT_H 1
| #define HAVE_UNISTD_H 1
| /* end confdefs.h.  */
| #include <stdio.h>
| #ifdef HAVE_SYS_TYPES_H
| # include <sys/types.h>
| #endif
| #ifdef HAVE_SYS_STAT_H
| # include <sys/stat.h>
| #endif
| #ifdef STDC_HEADERS
| # include <stdlib.h>
| # include <stddef.h>
| #else
| # ifdef HAVE_STDLIB_H
| #  include <stdlib.h>
| # endif
| #endif
| #ifdef HAVE_STRING_H
| # if !defined STDC_HEADERS && defined HAVE_MEMORY_H
| #  include <memory.h>
| # endif
| # include <string.h>
| #endif
| #ifdef HAVE_STRINGS_H
| # include <strings.h>
| #endif
| #ifdef HAVE_INTTYPES_H
| # include <inttypes.h>
| #endif
| #ifdef HAVE_STDINT_H
| # include <stdint.h>
| #endif
| #ifdef HAVE_UNISTD_H
| # include <unistd.h>
| #endif
| #include <minix/config.h>
configure:4315: result: no
configure:4315: checking minix/config.h presence
configure:4315: gcc -E  conftest.c
conftest.c:19:10: fatal error: 'minix/config.h' file not found
#include <minix/config.h>
         ^
1 error generated.
configure:4315: $? = 1
configure: failed program was:
| /* confdefs.h */
| #define PACKAGE_NAME "cairo"
| #define PACKAGE_TARNAME "cairo"
| #define PACKAGE_VERSION "1.12.18"
| #define PACKAGE_STRING "cairo 1.12.18"
| #define PACKAGE_BUGREPORT "http://bugs.freedesktop.org/enter_bug.cgi?product=cairo"
| #define PACKAGE_URL "http://cairographics.org/"
| #define STDC_HEADERS 1
| #define HAVE_SYS_TYPES_H 1
| #define HAVE_SYS_STAT_H 1
| #define HAVE_STDLIB_H 1
| #define HAVE_STRING_H 1
| #define HAVE_MEMORY_H 1
| #define HAVE_STRINGS_H 1
| #define HAVE_INTTYPES_H 1
| #define HAVE_STDINT_H 1
| #define HAVE_UNISTD_H 1
| /* end confdefs.h.  */
| #include <minix/config.h>
configure:4315: result: no
configure:4315: checking for minix/config.h
configure:4315: result: no
configure:4336: checking whether it is safe to define __EXTENSIONS__
configure:4354: gcc -c -g -O2  conftest.c >&5
configure:4354: $? = 0
configure:4361: result: yes
configure:4382: checking for unistd.h
configure:4382: result: yes
configure:4382: checking sys/ioctl.h usability
configure:4382: gcc -c -g -O2  conftest.c >&5
configure:4382: $? = 0
configure:4382: result: yes
configure:4382: checking sys/ioctl.h presence
configure:4382: gcc -E  conftest.c
configure:4382: $? = 0
configure:4382: result: yes
configure:4382: checking for sys/ioctl.h
configure:4382: result: yes
configure:4409: checking for a BSD-compatible install
configure:4477: result: /usr/bin/install -c
configure:4488: checking whether build environment is sane
configure:4538: result: yes
configure:4679: checking for a thread-safe mkdir -p
configure:4718: result: build/install-sh -c -d
configure:4731: checking for gawk
configure:4761: result: no
configure:4731: checking for mawk
configure:4761: result: no
configure:4731: checking for nawk
configure:4761: result: no
configure:4731: checking for awk
configure:4747: found /usr/bin/awk
configure:4758: result: awk
configure:4769: checking whether make sets $(MAKE)
configure:4791: result: yes
configure:4821: checking for style of include used by make
configure:4849: result: GNU
configure:4926: checking dependency style of gcc
configure:5037: result: none
configure:5064: checking whether make supports nested variables
configure:5081: result: yes
configure:5141: checking for ar
configure:5157: found /usr/bin/ar
configure:5168: result: ar
configure:5194: checking the archiver (ar) interface
configure:5204: gcc -c -g -O2  conftest.c >&5
configure:5204: $? = 0
configure:5206: ar cru libconftest.a conftest.o >&5
configure:5209: $? = 0
configure:5232: result: ar
configure:5283: checking build system type
configure:5297: result: x86_64-apple-darwin14.1.0
configure:5317: checking host system type
configure:5330: result: x86_64-apple-darwin14.1.0
configure:5371: checking how to print strings
configure:5398: result: printf
configure:5419: checking for a sed that does not truncate output
configure:5483: result: /usr/bin/sed
configure:5501: checking for fgrep
configure:5563: result: /usr/bin/grep -F
configure:5598: checking for ld used by gcc
configure:5665: result: /Applications/Xcode.app/Contents/Developer/Toolchains/XcodeDefault.xctoolchain/usr/bin/ld
configure:5672: checking if the linker (/Applications/Xcode.app/Contents/Developer/Toolchains/XcodeDefault.xctoolchain/usr/bin/ld) is GNU ld
configure:5687: result: no
configure:5699: checking for BSD- or MS-compatible name lister (nm)
configure:5748: result: /usr/bin/nm
configure:5878: checking the name lister (/usr/bin/nm) interface
configure:5885: gcc -c -g -O2  conftest.c >&5
configure:5888: /usr/bin/nm "conftest.o"
configure:5891: output
000000000000024c S _some_variable
configure:5898: result: BSD nm
configure:5901: checking whether ln -s works
configure:5905: result: yes
configure:5913: checking the maximum length of command line arguments
configure:6043: result: 196608
configure:6060: checking whether the shell understands some XSI constructs
configure:6070: result: yes
configure:6074: checking whether the shell understands "+="
configure:6080: result: yes
configure:6115: checking how to convert x86_64-apple-darwin14.1.0 file names to x86_64-apple-darwin14.1.0 format
configure:6155: result: func_convert_file_noop
configure:6162: checking how to convert x86_64-apple-darwin14.1.0 file names to toolchain format
configure:6182: result: func_convert_file_noop
configure:6189: checking for /Applications/Xcode.app/Contents/Developer/Toolchains/XcodeDefault.xctoolchain/usr/bin/ld option to reload object files
configure:6196: result: -r
configure:6270: checking for objdump
configure:6300: result: no
configure:6326: checking how to recognize dependent libraries
configure:6528: result: pass_all
configure:6613: checking for dlltool
configure:6643: result: no
configure:6670: checking how to associate runtime and link libraries
configure:6697: result: printf %s\n
configure:6821: checking for archiver @FILE support
configure:6838: gcc -c -g -O2  conftest.c >&5
configure:6838: $? = 0
configure:6841: ar cru libconftest.a @conftest.lst >&5
ar: @conftest.lst: No such file or directory
configure:6844: $? = 1
configure:6864: result: no
configure:6922: checking for strip
configure:6938: found /usr/bin/strip
configure:6949: result: strip
configure:7021: checking for ranlib
configure:7037: found /usr/bin/ranlib
configure:7048: result: ranlib
configure:7150: checking command to parse /usr/bin/nm output from gcc object
configure:7270: gcc -c -g -O2  conftest.c >&5
configure:7273: $? = 0
configure:7277: /usr/bin/nm conftest.o \| sed -n -e 's/^.*[ ]\([BCDEGRST][BCDEGRST]*\)[ ][ ]*\([_A-Za-z][_A-Za-z0-9]*\)$/\1 \2 \2/p' | sed '/ __gnu_lto/d' \> conftest.nm
configure:7280: $? = 0
cannot find nm_test_var in conftest.nm
configure:7270: gcc -c -g -O2  conftest.c >&5
configure:7273: $? = 0
configure:7277: /usr/bin/nm conftest.o \| sed -n -e 's/^.*[ ]\([BCDEGRST][BCDEGRST]*\)[ ][ ]*_\([_A-Za-z][_A-Za-z0-9]*\)$/\1 _\2 \2/p' | sed '/ __gnu_lto/d' \> conftest.nm
configure:7280: $? = 0
configure:7346: gcc -o conftest -g -O2   conftest.c conftstm.o >&5
configure:7349: $? = 0
configure:7387: result: ok
configure:7424: checking for sysroot
configure:7454: result: no
configure:7710: checking for mt
configure:7740: result: no
configure:7760: checking if : is a manifest tool
configure:7766: : '-?'
configure:7774: result: no
configure:7830: checking for dsymutil
configure:7846: found /usr/bin/dsymutil
configure:7857: result: dsymutil
configure:7922: checking for nmedit
configure:7938: found /usr/bin/nmedit
configure:7949: result: nmedit
configure:8014: checking for lipo
configure:8030: found /usr/bin/lipo
configure:8041: result: lipo
configure:8106: checking for otool
configure:8122: found /usr/bin/otool
configure:8133: result: otool
configure:8198: checking for otool64
configure:8228: result: no
configure:8273: checking for -single_module linker flag
gcc -g -O2  -o libconftest.dylib -dynamiclib -Wl,-single_module conftest.c
configure:8306: result: yes
configure:8309: checking for -exported_symbols_list linker flag
configure:8329: gcc -o conftest -g -O2   -Wl,-exported_symbols_list,conftest.sym conftest.c  >&5
configure:8329: $? = 0
configure:8339: result: yes
configure:8342: checking for -force_load linker flag
gcc -g -O2 -c -o conftest.o conftest.c
ar cru libconftest.a conftest.o
ranlib libconftest.a
gcc -g -O2  -o conftest conftest.c -Wl,-force_load,./libconftest.a
configure:8374: result: yes
configure:8413: checking for dlfcn.h
configure:8413: gcc -c -g -O2  conftest.c >&5
configure:8413: $? = 0
configure:8413: result: yes
configure:8917: checking for objdir
configure:8932: result: .libs
configure:9203: checking if gcc supports -fno-rtti -fno-exceptions
configure:9221: gcc -c -g -O2  -fno-rtti -fno-exceptions conftest.c >&5
configure:9225: $? = 0
configure:9238: result: yes
configure:9565: checking for gcc option to produce PIC
configure:9572: result: -fno-common -DPIC
configure:9580: checking if gcc PIC flag -fno-common -DPIC works
configure:9598: gcc -c -g -O2  -fno-common -DPIC -DPIC conftest.c >&5
configure:9602: $? = 0
configure:9615: result: yes
configure:9644: checking if gcc static flag -static works
configure:9672: result: no
configure:9687: checking if gcc supports -c -o file.o
configure:9708: gcc -c -g -O2  -o out/conftest2.o conftest.c >&5
configure:9712: $? = 0
configure:9734: result: yes
configure:9742: checking if gcc supports -c -o file.o
configure:9789: result: yes
configure:9822: checking whether the gcc linker (/Applications/Xcode.app/Contents/Developer/Toolchains/XcodeDefault.xctoolchain/usr/bin/ld) supports shared libraries
configure:10979: result: yes
configure:11219: checking dynamic linker characteristics
configure:11964: result: darwin14.1.0 dyld
configure:12071: checking how to hardcode library paths into programs
configure:12096: result: immediate
configure:12636: checking whether stripping libraries is possible
configure:12650: result: yes
configure:12676: checking if libtool supports shared libraries
configure:12678: result: yes
configure:12681: checking whether to build shared libraries
configure:12702: result: yes
configure:12705: checking whether to build static libraries
configure:12709: result: yes
configure:12797: checking for pkg-config
configure:12830: result: no
configure:12869: checking for gtkdoc-check
configure:12902: result: no
configure:12911: checking for gtkdoc-rebase
configure:12944: result: no
configure:12955: checking for gtkdoc-mkpdf
configure:12988: result: no
configure:13114: checking whether to build gtk-doc documentation
configure:13116: result: no
configure:13188: checking for special C compiler options needed for large files
configure:13233: result: no
configure:13239: checking for _FILE_OFFSET_BITS value needed for large files
configure:13264: gcc -c -g -O2  conftest.c >&5
configure:13264: $? = 0
configure:13296: result: no
configure:13407: checking for find
configure:13425: found /usr/bin/find
configure:13437: result: /usr/bin/find
configure:13447: checking for xargs
configure:13465: found /usr/bin/xargs
configure:13477: result: /usr/bin/xargs
configure:13534: checking for gcc
configure:13561: result: gcc
configure:13790: checking for C compiler version
configure:13799: gcc --version >&5
Apple LLVM version 6.0 (clang-600.0.57) (based on LLVM 3.5svn)
Target: x86_64-apple-darwin14.1.0
Thread model: posix
Configured with: --prefix=/Applications/Xcode.app/Contents/Developer/usr --with-gxx-include-dir=/Applications/Xcode.app/Contents/Developer/Platforms/MacOSX.platform/Developer/SDKs/MacOSX10.10.sdk/usr/include/c++/4.2.1
configure:13810: $? = 0
configure:13799: gcc -v >&5
Configured with: --prefix=/Applications/Xcode.app/Contents/Developer/usr --with-gxx-include-dir=/Applications/Xcode.app/Contents/Developer/Platforms/MacOSX.platform/Developer/SDKs/MacOSX10.10.sdk/usr/include/c++/4.2.1
Apple LLVM version 6.0 (clang-600.0.57) (based on LLVM 3.5svn)
Target: x86_64-apple-darwin14.1.0
Thread model: posix
configure:13810: $? = 0
configure:13799: gcc -V >&5
clang: error: argument to '-V' is missing (expected 1 value)
clang: error: no input files
configure:13810: $? = 1
configure:13799: gcc -qversion >&5
clang: error: unknown argument: '-qversion'
clang: error: no input files
configure:13810: $? = 1
configure:13814: checking whether we are using the GNU C compiler
configure:13842: result: yes
configure:13851: checking whether gcc accepts -g
configure:13912: result: yes
configure:13929: checking for gcc option to accept ISO C89
configure:14006: result: none needed
configure:14031: checking how to run the C preprocessor
configure:14101: result: gcc -E
configure:14121: gcc -E  conftest.c
configure:14121: $? = 0
configure:14135: gcc -E  conftest.c
conftest.c:28:10: fatal error: 'ac_nonexistent.h' file not found
#include <ac_nonexistent.h>
         ^
1 error generated.
configure:14135: $? = 1
configure: failed program was:
| /* confdefs.h */
| #define PACKAGE_NAME "cairo"
| #define PACKAGE_TARNAME "cairo"
| #define PACKAGE_VERSION "1.12.18"
| #define PACKAGE_STRING "cairo 1.12.18"
| #define PACKAGE_BUGREPORT "http://bugs.freedesktop.org/enter_bug.cgi?product=cairo"
| #define PACKAGE_URL "http://cairographics.org/"
| #define STDC_HEADERS 1
| #define HAVE_SYS_TYPES_H 1
| #define HAVE_SYS_STAT_H 1
| #define HAVE_STDLIB_H 1
| #define HAVE_STRING_H 1
| #define HAVE_MEMORY_H 1
| #define HAVE_STRINGS_H 1
| #define HAVE_INTTYPES_H 1
| #define HAVE_STDINT_H 1
| #define HAVE_UNISTD_H 1
| #define __EXTENSIONS__ 1
| #define _ALL_SOURCE 1
| #define _GNU_SOURCE 1
| #define _POSIX_PTHREAD_SEMANTICS 1
| #define _TANDEM_SOURCE 1
| #define HAVE_UNISTD_H 1
| #define HAVE_SYS_IOCTL_H 1
| #define HAVE_DLFCN_H 1
| #define LT_OBJDIR ".libs/"
| /* end confdefs.h.  */
| #include <ac_nonexistent.h>
configure:14221: checking for g++
configure:14237: found /usr/bin/g++
configure:14248: result: g++
configure:14275: checking for C++ compiler version
configure:14284: g++ --version >&5
Apple LLVM version 6.0 (clang-600.0.57) (based on LLVM 3.5svn)
Target: x86_64-apple-darwin14.1.0
Thread model: posix
Configured with: --prefix=/Applications/Xcode.app/Contents/Developer/usr --with-gxx-include-dir=/Applications/Xcode.app/Contents/Developer/Platforms/MacOSX.platform/Developer/SDKs/MacOSX10.10.sdk/usr/include/c++/4.2.1
configure:14295: $? = 0
configure:14284: g++ -v >&5
Configured with: --prefix=/Applications/Xcode.app/Contents/Developer/usr --with-gxx-include-dir=/Applications/Xcode.app/Contents/Developer/Platforms/MacOSX.platform/Developer/SDKs/MacOSX10.10.sdk/usr/include/c++/4.2.1
Apple LLVM version 6.0 (clang-600.0.57) (based on LLVM 3.5svn)
Target: x86_64-apple-darwin14.1.0
Thread model: posix
configure:14295: $? = 0
configure:14284: g++ -V >&5
clang: error: argument to '-V' is missing (expected 1 value)
clang: error: no input files
configure:14295: $? = 1
configure:14284: g++ -qversion >&5
clang: error: unknown argument: '-qversion'
clang: error: no input files
configure:14295: $? = 1
configure:14299: checking whether we are using the GNU C++ compiler
configure:14318: g++ -c   conftest.cpp >&5
configure:14318: $? = 0
configure:14327: result: yes
configure:14336: checking whether g++ accepts -g
configure:14356: g++ -c -g  conftest.cpp >&5
configure:14356: $? = 0
configure:14397: result: yes
configure:14422: checking dependency style of g++
configure:14533: result: none
configure:14566: checking how to run the C++ preprocessor
configure:14593: g++ -E  conftest.cpp
configure:14593: $? = 0
configure:14607: g++ -E  conftest.cpp
conftest.cpp:28:10: fatal error: 'ac_nonexistent.h' file not found
#include <ac_nonexistent.h>
         ^
1 error generated.
configure:14607: $? = 1
configure: failed program was:
| /* confdefs.h */
| #define PACKAGE_NAME "cairo"
| #define PACKAGE_TARNAME "cairo"
| #define PACKAGE_VERSION "1.12.18"
| #define PACKAGE_STRING "cairo 1.12.18"
| #define PACKAGE_BUGREPORT "http://bugs.freedesktop.org/enter_bug.cgi?product=cairo"
| #define PACKAGE_URL "http://cairographics.org/"
| #define STDC_HEADERS 1
| #define HAVE_SYS_TYPES_H 1
| #define HAVE_SYS_STAT_H 1
| #define HAVE_STDLIB_H 1
| #define HAVE_STRING_H 1
| #define HAVE_MEMORY_H 1
| #define HAVE_STRINGS_H 1
| #define HAVE_INTTYPES_H 1
| #define HAVE_STDINT_H 1
| #define HAVE_UNISTD_H 1
| #define __EXTENSIONS__ 1
| #define _ALL_SOURCE 1
| #define _GNU_SOURCE 1
| #define _POSIX_PTHREAD_SEMANTICS 1
| #define _TANDEM_SOURCE 1
| #define HAVE_UNISTD_H 1
| #define HAVE_SYS_IOCTL_H 1
| #define HAVE_DLFCN_H 1
| #define LT_OBJDIR ".libs/"
| /* end confdefs.h.  */
| #include <ac_nonexistent.h>
configure:14632: result: g++ -E
configure:14652: g++ -E  conftest.cpp
configure:14652: $? = 0
configure:14666: g++ -E  conftest.cpp
conftest.cpp:28:10: fatal error: 'ac_nonexistent.h' file not found
#include <ac_nonexistent.h>
         ^
1 error generated.
configure:14666: $? = 1
configure: failed program was:
| /* confdefs.h */
| #define PACKAGE_NAME "cairo"
| #define PACKAGE_TARNAME "cairo"
| #define PACKAGE_VERSION "1.12.18"
| #define PACKAGE_STRING "cairo 1.12.18"
| #define PACKAGE_BUGREPORT "http://bugs.freedesktop.org/enter_bug.cgi?product=cairo"
| #define PACKAGE_URL "http://cairographics.org/"
| #define STDC_HEADERS 1
| #define HAVE_SYS_TYPES_H 1
| #define HAVE_SYS_STAT_H 1
| #define HAVE_STDLIB_H 1
| #define HAVE_STRING_H 1
| #define HAVE_MEMORY_H 1
| #define HAVE_STRINGS_H 1
| #define HAVE_INTTYPES_H 1
| #define HAVE_STDINT_H 1
| #define HAVE_UNISTD_H 1
| #define __EXTENSIONS__ 1
| #define _ALL_SOURCE 1
| #define _GNU_SOURCE 1
| #define _POSIX_PTHREAD_SEMANTICS 1
| #define _TANDEM_SOURCE 1
| #define HAVE_UNISTD_H 1
| #define HAVE_SYS_IOCTL_H 1
| #define HAVE_DLFCN_H 1
| #define LT_OBJDIR ".libs/"
| /* end confdefs.h.  */
| #include <ac_nonexistent.h>
configure:14835: checking for ld used by g++
configure:14902: result: /Applications/Xcode.app/Contents/Developer/Toolchains/XcodeDefault.xctoolchain/usr/bin/ld
configure:14909: checking if the linker (/Applications/Xcode.app/Contents/Developer/Toolchains/XcodeDefault.xctoolchain/usr/bin/ld) is GNU ld
configure:14924: result: no
configure:14979: checking whether the g++ linker (/Applications/Xcode.app/Contents/Developer/Toolchains/XcodeDefault.xctoolchain/usr/bin/ld) supports shared libraries
configure:15984: result: yes
configure:16020: g++ -c -g -O2  conftest.cpp >&5
configure:16023: $? = 0
configure:16543: checking for g++ option to produce PIC
configure:16550: result: -fno-common -DPIC
configure:16558: checking if g++ PIC flag -fno-common -DPIC works
configure:16576: g++ -c -g -O2  -fno-common -DPIC -DPIC conftest.cpp >&5
configure:16580: $? = 0
configure:16593: result: yes
configure:16616: checking if g++ static flag -static works
configure:16644: result: no
configure:16656: checking if g++ supports -c -o file.o
configure:16677: g++ -c -g -O2  -o out/conftest2.o conftest.cpp >&5
configure:16681: $? = 0
configure:16703: result: yes
configure:16708: checking if g++ supports -c -o file.o
configure:16755: result: yes
configure:16785: checking whether the g++ linker (/Applications/Xcode.app/Contents/Developer/Toolchains/XcodeDefault.xctoolchain/usr/bin/ld) supports shared libraries
configure:16824: result: yes
configure:16965: checking dynamic linker characteristics
configure:17644: result: darwin14.1.0 dyld
configure:17697: checking how to hardcode library paths into programs
configure:17722: result: immediate
configure:17762: checking whether gcc and cc understand -c and -o together
configure:17793: gcc -c conftest.c -o conftest2.o >&5
configure:17797: $? = 0
configure:17803: gcc -c conftest.c -o conftest2.o >&5
configure:17807: $? = 0
configure:17818: cc -c conftest.c >&5
configure:17822: $? = 0
configure:17830: cc -c conftest.c -o conftest2.o >&5
configure:17834: $? = 0
configure:17840: cc -c conftest.c -o conftest2.o >&5
configure:17844: $? = 0
configure:17862: result: yes
configure:17887: checking for inline
configure:17903: gcc -c -g -O2  conftest.c >&5
configure:17903: $? = 0
configure:17911: result: inline
configure:17980: checking for pkg-config
configure:18013: result: no
configure:18048: error: pkg-config >=  required but not found (http://pkgconfig.freedesktop.org/)

## ---------------- ##
## Cache variables. ##
## ---------------- ##

ac_cv_build=x86_64-apple-darwin14.1.0
ac_cv_c_compiler_gnu=yes
ac_cv_c_inline=inline
ac_cv_cxx_compiler_gnu=yes
ac_cv_env_CCC_set=
ac_cv_env_CCC_value=
ac_cv_env_CC_set=
ac_cv_env_CC_value=
ac_cv_env_CFLAGS_set=
ac_cv_env_CFLAGS_value=
ac_cv_env_CPPFLAGS_set=
ac_cv_env_CPPFLAGS_value=
ac_cv_env_CPP_set=
ac_cv_env_CPP_value=
ac_cv_env_CXXCPP_set=
ac_cv_env_CXXCPP_value=
ac_cv_env_CXXFLAGS_set=
ac_cv_env_CXXFLAGS_value=
ac_cv_env_CXX_set=
ac_cv_env_CXX_value=
ac_cv_env_FONTCONFIG_CFLAGS_set=
ac_cv_env_FONTCONFIG_CFLAGS_value=
ac_cv_env_FONTCONFIG_LIBS_set=
ac_cv_env_FONTCONFIG_LIBS_value=
ac_cv_env_FREETYPE_CFLAGS_set=
ac_cv_env_FREETYPE_CFLAGS_value=
ac_cv_env_FREETYPE_LIBS_set=
ac_cv_env_FREETYPE_LIBS_value=
ac_cv_env_GOBJECT_CFLAGS_set=
ac_cv_env_GOBJECT_CFLAGS_value=
ac_cv_env_GOBJECT_LIBS_set=
ac_cv_env_GOBJECT_LIBS_value=
ac_cv_env_GTKDOC_DEPS_CFLAGS_set=
ac_cv_env_GTKDOC_DEPS_CFLAGS_value=
ac_cv_env_GTKDOC_DEPS_LIBS_set=
ac_cv_env_GTKDOC_DEPS_LIBS_value=
ac_cv_env_LDFLAGS_set=
ac_cv_env_LDFLAGS_value=
ac_cv_env_LIBRSVG_CFLAGS_set=
ac_cv_env_LIBRSVG_CFLAGS_value=
ac_cv_env_LIBRSVG_LIBS_set=
ac_cv_env_LIBRSVG_LIBS_value=
ac_cv_env_LIBSPECTRE_CFLAGS_set=
ac_cv_env_LIBSPECTRE_CFLAGS_value=
ac_cv_env_LIBSPECTRE_LIBS_set=
ac_cv_env_LIBSPECTRE_LIBS_value=
ac_cv_env_LIBS_set=
ac_cv_env_LIBS_value=
ac_cv_env_PKG_CONFIG_set=
ac_cv_env_PKG_CONFIG_value=
ac_cv_env_POPPLER_CFLAGS_set=
ac_cv_env_POPPLER_CFLAGS_value=
ac_cv_env_POPPLER_LIBS_set=
ac_cv_env_POPPLER_LIBS_value=
ac_cv_env_VALGRIND_CFLAGS_set=
ac_cv_env_VALGRIND_CFLAGS_value=
ac_cv_env_VALGRIND_LIBS_set=
ac_cv_env_VALGRIND_LIBS_value=
ac_cv_env_XMKMF_set=
ac_cv_env_XMKMF_value=
ac_cv_env_build_alias_set=
ac_cv_env_build_alias_value=
ac_cv_env_cogl_CFLAGS_set=
ac_cv_env_cogl_CFLAGS_value=
ac_cv_env_cogl_LIBS_set=
ac_cv_env_cogl_LIBS_value=
ac_cv_env_directfb_CFLAGS_set=
ac_cv_env_directfb_CFLAGS_value=
ac_cv_env_directfb_LIBS_set=
ac_cv_env_directfb_LIBS_value=
ac_cv_env_drm_CFLAGS_set=
ac_cv_env_drm_CFLAGS_value=
ac_cv_env_drm_LIBS_set=
ac_cv_env_drm_LIBS_value=
ac_cv_env_egl_CFLAGS_set=
ac_cv_env_egl_CFLAGS_value=
ac_cv_env_egl_LIBS_set=
ac_cv_env_egl_LIBS_value=
ac_cv_env_gl_CFLAGS_set=
ac_cv_env_gl_CFLAGS_value=
ac_cv_env_gl_LIBS_set=
ac_cv_env_gl_LIBS_value=
ac_cv_env_glesv2_CFLAGS_set=
ac_cv_env_glesv2_CFLAGS_value=
ac_cv_env_glesv2_LIBS_set=
ac_cv_env_glesv2_LIBS_value=
ac_cv_env_glib_CFLAGS_set=
ac_cv_env_glib_CFLAGS_value=
ac_cv_env_glib_LIBS_set=
ac_cv_env_glib_LIBS_value=
ac_cv_env_gtk_CFLAGS_set=
ac_cv_env_gtk_CFLAGS_value=
ac_cv_env_gtk_LIBS_set=
ac_cv_env_gtk_LIBS_value=
ac_cv_env_host_alias_set=
ac_cv_env_host_alias_value=
ac_cv_env_pixman_CFLAGS_set=
ac_cv_env_pixman_CFLAGS_value=
ac_cv_env_pixman_LIBS_set=
ac_cv_env_pixman_LIBS_value=
ac_cv_env_png_CFLAGS_set=
ac_cv_env_png_CFLAGS_value=
ac_cv_env_png_LIBS_set=
ac_cv_env_png_LIBS_value=
ac_cv_env_png_REQUIRES_set=
ac_cv_env_png_REQUIRES_value=
ac_cv_env_qt_CFLAGS_set=
ac_cv_env_qt_CFLAGS_value=
ac_cv_env_qt_LIBS_set=
ac_cv_env_qt_LIBS_value=
ac_cv_env_target_alias_set=
ac_cv_env_target_alias_value=
ac_cv_env_xcb_CFLAGS_set=
ac_cv_env_xcb_CFLAGS_value=
ac_cv_env_xcb_LIBS_set=
ac_cv_env_xcb_LIBS_value=
ac_cv_env_xcb_shm_CFLAGS_set=
ac_cv_env_xcb_shm_CFLAGS_value=
ac_cv_env_xcb_shm_LIBS_set=
ac_cv_env_xcb_shm_LIBS_value=
ac_cv_env_xlib_CFLAGS_set=
ac_cv_env_xlib_CFLAGS_value=
ac_cv_env_xlib_LIBS_set=
ac_cv_env_xlib_LIBS_value=
ac_cv_env_xlib_xcb_CFLAGS_set=
ac_cv_env_xlib_xcb_CFLAGS_value=
ac_cv_env_xlib_xcb_LIBS_set=
ac_cv_env_xlib_xcb_LIBS_value=
ac_cv_env_xlib_xrender_CFLAGS_set=
ac_cv_env_xlib_xrender_CFLAGS_value=
ac_cv_env_xlib_xrender_LIBS_set=
ac_cv_env_xlib_xrender_LIBS_value=
ac_cv_header_dlfcn_h=yes
ac_cv_header_inttypes_h=yes
ac_cv_header_memory_h=yes
ac_cv_header_minix_config_h=no
ac_cv_header_stdc=yes
ac_cv_header_stdint_h=yes
ac_cv_header_stdlib_h=yes
ac_cv_header_string_h=yes
ac_cv_header_strings_h=yes
ac_cv_header_sys_ioctl_h=yes
ac_cv_header_sys_stat_h=yes
ac_cv_header_sys_types_h=yes
ac_cv_header_unistd_h=yes
ac_cv_host=x86_64-apple-darwin14.1.0
ac_cv_objext=o
ac_cv_path_EGREP='/usr/bin/grep -E'
ac_cv_path_FGREP='/usr/bin/grep -F'
ac_cv_path_FIND=/usr/bin/find
ac_cv_path_GREP=/usr/bin/grep
ac_cv_path_SED=/usr/bin/sed
ac_cv_path_XARGS=/usr/bin/xargs
ac_cv_path_install='/usr/bin/install -c'
ac_cv_prog_AWK=awk
ac_cv_prog_CPP='gcc -E'
ac_cv_prog_CXXCPP='g++ -E'
ac_cv_prog_ac_ct_AR=ar
ac_cv_prog_ac_ct_CC=gcc
ac_cv_prog_ac_ct_CXX=g++
ac_cv_prog_ac_ct_DSYMUTIL=dsymutil
ac_cv_prog_ac_ct_LIPO=lipo
ac_cv_prog_ac_ct_NMEDIT=nmedit
ac_cv_prog_ac_ct_OTOOL=otool
ac_cv_prog_ac_ct_RANLIB=ranlib
ac_cv_prog_ac_ct_STRIP=strip
ac_cv_prog_cc_c89=
ac_cv_prog_cc_g=yes
ac_cv_prog_cc_gcc_c_o=yes
ac_cv_prog_cxx_g=yes
ac_cv_prog_make_make_set=yes
ac_cv_safe_to_define___extensions__=yes
ac_cv_sys_file_offset_bits=no
ac_cv_sys_largefile_CC=no
am_cv_CC_dependencies_compiler_type=none
am_cv_CXX_dependencies_compiler_type=none
am_cv_ar_interface=ar
am_cv_make_support_nested_variables=yes
lt_cv_apple_cc_single_mod=yes
lt_cv_ar_at_file=no
lt_cv_deplibs_check_method=pass_all
lt_cv_file_magic_cmd='$MAGIC_CMD'
lt_cv_file_magic_test_file=
lt_cv_ld_exported_symbols_list=yes
lt_cv_ld_force_load=yes
lt_cv_ld_reload_flag=-r
lt_cv_nm_interface='BSD nm'
lt_cv_objdir=.libs
lt_cv_path_LD=/Applications/Xcode.app/Contents/Developer/Toolchains/XcodeDefault.xctoolchain/usr/bin/ld
lt_cv_path_LDCXX=/Applications/Xcode.app/Contents/Developer/Toolchains/XcodeDefault.xctoolchain/usr/bin/ld
lt_cv_path_NM=/usr/bin/nm
lt_cv_path_mainfest_tool=no
lt_cv_prog_compiler_c_o=yes
lt_cv_prog_compiler_c_o_CXX=yes
lt_cv_prog_compiler_pic='-fno-common -DPIC'
lt_cv_prog_compiler_pic_CXX='-fno-common -DPIC'
lt_cv_prog_compiler_pic_works=yes
lt_cv_prog_compiler_pic_works_CXX=yes
lt_cv_prog_compiler_rtti_exceptions=yes
lt_cv_prog_compiler_static_works=no
lt_cv_prog_compiler_static_works_CXX=no
lt_cv_prog_gnu_ld=no
lt_cv_prog_gnu_ldcxx=no
lt_cv_sharedlib_from_linklib_cmd='printf %s\n'
lt_cv_sys_global_symbol_pipe='sed -n -e '\''s/^.*[	 ]\([BCDEGRST][BCDEGRST]*\)[	 ][	 ]*_\([_A-Za-z][_A-Za-z0-9]*\)$/\1 _\2 \2/p'\'' | sed '\''/ __gnu_lto/d'\'''
lt_cv_sys_global_symbol_to_c_name_address='sed -n -e '\''s/^: \([^ ]*\)[ ]*$/  {\"\1\", (void *) 0},/p'\'' -e '\''s/^[BCDEGRST]* \([^ ]*\) \([^ ]*\)$/  {"\2", (void *) \&\2},/p'\'''
lt_cv_sys_global_symbol_to_c_name_address_lib_prefix='sed -n -e '\''s/^: \([^ ]*\)[ ]*$/  {\"\1\", (void *) 0},/p'\'' -e '\''s/^[BCDEGRST]* \([^ ]*\) \(lib[^ ]*\)$/  {"\2", (void *) \&\2},/p'\'' -e '\''s/^[BCDEGRST]* \([^ ]*\) \([^ ]*\)$/  {"lib\2", (void *) \&\2},/p'\'''
lt_cv_sys_global_symbol_to_cdecl='sed -n -e '\''s/^T .* \(.*\)$/extern int \1();/p'\'' -e '\''s/^[BCDEGRST]* .* \(.*\)$/extern char \1;/p'\'''
lt_cv_sys_max_cmd_len=196608
lt_cv_to_host_file_cmd=func_convert_file_noop
lt_cv_to_tool_file_cmd=func_convert_file_noop

## ----------------- ##
## Output variables. ##
## ----------------- ##

ACLOCAL='${SHELL} /Users/ahsanzahid/Dev/calhacks2015/pkg-config-0.28/pixman-0.30.0/cairo-1.12.18/build/missing --run aclocal-1.11'
AMDEPBACKSLASH=''
AMDEP_FALSE=''
AMDEP_TRUE='#'
AMTAR='$${TAR-tar}'
AM_BACKSLASH='\'
AM_DEFAULT_V='$(AM_DEFAULT_VERBOSITY)'
AM_DEFAULT_VERBOSITY='0'
AM_V='$(V)'
AR='ar'
AS='as'
AUTOCONF='${SHELL} /Users/ahsanzahid/Dev/calhacks2015/pkg-config-0.28/pixman-0.30.0/cairo-1.12.18/build/missing --run autoconf'
AUTOHEADER='${SHELL} /Users/ahsanzahid/Dev/calhacks2015/pkg-config-0.28/pixman-0.30.0/cairo-1.12.18/build/missing --run autoheader'
AUTOMAKE='${SHELL} /Users/ahsanzahid/Dev/calhacks2015/pkg-config-0.28/pixman-0.30.0/cairo-1.12.18/build/missing --run automake-1.11'
AWK='awk'
BFD_LIBS=''
BUILD_ANY2PPM_FALSE=''
BUILD_ANY2PPM_TRUE=''
BUILD_CXX_FALSE=''
BUILD_CXX_TRUE=''
BUILD_SPHINX_FALSE=''
BUILD_SPHINX_TRUE=''
CAIROBOILERPLATE_LIBS=''
CAIRO_CAN_TEST_PDF_SURFACE_FALSE=''
CAIRO_CAN_TEST_PDF_SURFACE_TRUE=''
CAIRO_CAN_TEST_PS_SURFACE_FALSE=''
CAIRO_CAN_TEST_PS_SURFACE_TRUE=''
CAIRO_CAN_TEST_SVG_SURFACE_FALSE=''
CAIRO_CAN_TEST_SVG_SURFACE_TRUE=''
CAIRO_CAN_TEST_WIN32_PRINTING_SURFACE_FALSE=''
CAIRO_CAN_TEST_WIN32_PRINTING_SURFACE_TRUE=''
CAIRO_CFLAGS=''
CAIRO_HAS_BEOS_SURFACE_FALSE=''
CAIRO_HAS_BEOS_SURFACE_TRUE=''
CAIRO_HAS_COGL_SURFACE_FALSE=''
CAIRO_HAS_COGL_SURFACE_TRUE=''
CAIRO_HAS_DIRECTFB_SURFACE_FALSE=''
CAIRO_HAS_DIRECTFB_SURFACE_TRUE=''
CAIRO_HAS_DLSYM_FALSE=''
CAIRO_HAS_DLSYM_TRUE=''
CAIRO_HAS_DL_FALSE=''
CAIRO_HAS_DL_TRUE=''
CAIRO_HAS_DRM_SURFACE_FALSE=''
CAIRO_HAS_DRM_SURFACE_TRUE=''
CAIRO_HAS_EGL_FUNCTIONS_FALSE=''
CAIRO_HAS_EGL_FUNCTIONS_TRUE=''
CAIRO_HAS_FC_FONT_FALSE=''
CAIRO_HAS_FC_FONT_TRUE=''
CAIRO_HAS_FT_FONT_FALSE=''
CAIRO_HAS_FT_FONT_TRUE=''
CAIRO_HAS_GALLIUM_SURFACE_FALSE=''
CAIRO_HAS_GALLIUM_SURFACE_TRUE=''
CAIRO_HAS_GLESV2_SURFACE_FALSE=''
CAIRO_HAS_GLESV2_SURFACE_TRUE=''
CAIRO_HAS_GLX_FUNCTIONS_FALSE=''
CAIRO_HAS_GLX_FUNCTIONS_TRUE=''
CAIRO_HAS_GL_SURFACE_FALSE=''
CAIRO_HAS_GL_SURFACE_TRUE=''
CAIRO_HAS_GOBJECT_FUNCTIONS_FALSE=''
CAIRO_HAS_GOBJECT_FUNCTIONS_TRUE=''
CAIRO_HAS_INTERPRETER_FALSE=''
CAIRO_HAS_INTERPRETER_TRUE=''
CAIRO_HAS_LCOV_FALSE=''
CAIRO_HAS_LCOV_TRUE=''
CAIRO_HAS_MULTI_PAGE_SURFACES_FALSE=''
CAIRO_HAS_MULTI_PAGE_SURFACES_TRUE=''
CAIRO_HAS_OS2_SURFACE_FALSE=''
CAIRO_HAS_OS2_SURFACE_TRUE=''
CAIRO_HAS_PDF_SURFACE_FALSE=''
CAIRO_HAS_PDF_SURFACE_TRUE=''
CAIRO_HAS_PNG_FUNCTIONS_FALSE=''
CAIRO_HAS_PNG_FUNCTIONS_TRUE=''
CAIRO_HAS_PS_SURFACE_FALSE=''
CAIRO_HAS_PS_SURFACE_TRUE=''
CAIRO_HAS_PTHREAD_FALSE=''
CAIRO_HAS_PTHREAD_TRUE=''
CAIRO_HAS_QT_SURFACE_FALSE=''
CAIRO_HAS_QT_SURFACE_TRUE=''
CAIRO_HAS_QUARTZ_FONT_FALSE=''
CAIRO_HAS_QUARTZ_FONT_TRUE=''
CAIRO_HAS_QUARTZ_IMAGE_SURFACE_FALSE=''
CAIRO_HAS_QUARTZ_IMAGE_SURFACE_TRUE=''
CAIRO_HAS_QUARTZ_SURFACE_FALSE=''
CAIRO_HAS_QUARTZ_SURFACE_TRUE=''
CAIRO_HAS_SCRIPT_SURFACE_FALSE=''
CAIRO_HAS_SCRIPT_SURFACE_TRUE=''
CAIRO_HAS_SKIA_SURFACE_FALSE=''
CAIRO_HAS_SKIA_SURFACE_TRUE=''
CAIRO_HAS_SPECTRE_FALSE=''
CAIRO_HAS_SPECTRE_TRUE=''
CAIRO_HAS_SVG_SURFACE_FALSE=''
CAIRO_HAS_SVG_SURFACE_TRUE=''
CAIRO_HAS_SYMBOL_LOOKUP_FALSE=''
CAIRO_HAS_SYMBOL_LOOKUP_TRUE=''
CAIRO_HAS_TEE_SURFACE_FALSE=''
CAIRO_HAS_TEE_SURFACE_TRUE=''
CAIRO_HAS_TEST_SURFACES_FALSE=''
CAIRO_HAS_TEST_SURFACES_TRUE=''
CAIRO_HAS_TRACE_FALSE=''
CAIRO_HAS_TRACE_TRUE=''
CAIRO_HAS_VG_SURFACE_FALSE=''
CAIRO_HAS_VG_SURFACE_TRUE=''
CAIRO_HAS_WGL_FUNCTIONS_FALSE=''
CAIRO_HAS_WGL_FUNCTIONS_TRUE=''
CAIRO_HAS_WIN32_FONT_FALSE=''
CAIRO_HAS_WIN32_FONT_TRUE=''
CAIRO_HAS_WIN32_SURFACE_FALSE=''
CAIRO_HAS_WIN32_SURFACE_TRUE=''
CAIRO_HAS_XCB_SHM_FUNCTIONS_FALSE=''
CAIRO_HAS_XCB_SHM_FUNCTIONS_TRUE=''
CAIRO_HAS_XCB_SURFACE_FALSE=''
CAIRO_HAS_XCB_SURFACE_TRUE=''
CAIRO_HAS_XLIB_SURFACE_FALSE=''
CAIRO_HAS_XLIB_SURFACE_TRUE=''
CAIRO_HAS_XLIB_XCB_FUNCTIONS_FALSE=''
CAIRO_HAS_XLIB_XCB_FUNCTIONS_TRUE=''
CAIRO_HAS_XLIB_XRENDER_SURFACE_FALSE=''
CAIRO_HAS_XLIB_XRENDER_SURFACE_TRUE=''
CAIRO_HAS_XML_SURFACE_FALSE=''
CAIRO_HAS_XML_SURFACE_TRUE=''
CAIRO_LDFLAGS=''
CAIRO_LIBS=''
CAIRO_LIBTOOL_VERSION_INFO='11202:18:11200'
CAIRO_NONPKGCONFIG_CFLAGS=''
CAIRO_NONPKGCONFIG_LIBS=''
CAIRO_RELEASE_STATUS='release'
CAIRO_REQUIRES=''
CAIRO_TEST_MODE=''
CAIRO_TEST_UNDEFINED_LDFLAGS=''
CAIRO_VERSION_MAJOR='1'
CAIRO_VERSION_MICRO='18'
CAIRO_VERSION_MINOR='12'
CAIRO_VERSION_SONUM='2'
CC='gcc'
CCDEPMODE='depmode=none'
CFLAGS='-g -O2'
CPP='gcc -E'
CPPFLAGS=''
CROSS_COMPILING_FALSE=''
CROSS_COMPILING_TRUE=''
CXX='g++'
CXXCPP='g++ -E'
CXXDEPMODE='depmode=none'
CXXFLAGS='-g -O2'
CYGPATH_W='echo'
DEFS=''
DEPDIR='.deps'
DISABLE_SOME_FLOATING_POINT_FALSE=''
DISABLE_SOME_FLOATING_POINT_TRUE=''
DLLTOOL='false'
DSYMUTIL='dsymutil'
DUMPBIN=''
ECHO_C='\c'
ECHO_N=''
ECHO_T=''
EGREP='/usr/bin/grep -E'
ENABLE_GTK_DOC_FALSE=''
ENABLE_GTK_DOC_TRUE='#'
EXEEXT=''
FGREP='/usr/bin/grep -F'
FIND='/usr/bin/find'
FONTCONFIG_CFLAGS=''
FONTCONFIG_LIBS=''
FREETYPE_CFLAGS=''
FREETYPE_CONFIG=''
FREETYPE_LIBS=''
GOBJECT_CFLAGS=''
GOBJECT_LIBS=''
GREP='/usr/bin/grep'
GS=''
GTKDOC_CHECK=''
GTKDOC_DEPS_CFLAGS=''
GTKDOC_DEPS_LIBS=''
GTKDOC_MKPDF=''
GTKDOC_REBASE='true'
GTK_DOC_BUILD_HTML_FALSE='#'
GTK_DOC_BUILD_HTML_TRUE=''
GTK_DOC_BUILD_PDF_FALSE=''
GTK_DOC_BUILD_PDF_TRUE='#'
GTK_DOC_USE_LIBTOOL_FALSE='#'
GTK_DOC_USE_LIBTOOL_TRUE=''
GTK_DOC_USE_REBASE_FALSE='#'
GTK_DOC_USE_REBASE_TRUE=''
HAVE_GTK_FALSE=''
HAVE_GTK_TRUE=''
HAVE_PTHREAD_FALSE=''
HAVE_PTHREAD_TRUE=''
HAVE_REAL_PTHREAD_FALSE=''
HAVE_REAL_PTHREAD_TRUE=''
HAVE_SHM_FALSE=''
HAVE_SHM_TRUE=''
HTML_DIR='${datadir}/gtk-doc/html'
INSTALL_DATA='${INSTALL} -m 644'
INSTALL_PROGRAM='${INSTALL}'
INSTALL_SCRIPT='${INSTALL}'
INSTALL_STRIP_PROGRAM='$(install_sh) -c -s'
LD='/Applications/Xcode.app/Contents/Developer/Toolchains/XcodeDefault.xctoolchain/usr/bin/ld'
LDFLAGS=''
LIBM=''
LIBOBJS=''
LIBRSVG_CFLAGS=''
LIBRSVG_LIBS=''
LIBS=''
LIBSPECTRE_CFLAGS=''
LIBSPECTRE_LIBS=''
LIBTOOL='$(SHELL) $(top_builddir)/libtool'
LIPO='lipo'
LN_S='ln -s'
LTLIBOBJS=''
LTP=''
LTP_GENHTML=''
MAKEINFO='${SHELL} /Users/ahsanzahid/Dev/calhacks2015/pkg-config-0.28/pixman-0.30.0/cairo-1.12.18/build/missing --run makeinfo'
MANIFEST_TOOL=':'
MKDIR_P='build/install-sh -c -d'
NM='/usr/bin/nm'
NMEDIT='nmedit'
OBJDUMP='false'
OBJEXT='o'
OS_WIN32_FALSE=''
OS_WIN32_TRUE=''
OTOOL64=':'
OTOOL='otool'
PACKAGE='cairo'
PACKAGE_BUGREPORT='http://bugs.freedesktop.org/enter_bug.cgi?product=cairo'
PACKAGE_NAME='cairo'
PACKAGE_STRING='cairo 1.12.18'
PACKAGE_TARNAME='cairo'
PACKAGE_URL='http://cairographics.org/'
PACKAGE_VERSION='1.12.18'
PATH_SEPARATOR=':'
PKGCONFIG_REQUIRES=''
PKG_CONFIG=''
POPPLER_CFLAGS=''
POPPLER_LIBS=''
RANLIB='ranlib'
SED='/usr/bin/sed'
SET_MAKE=''
SHELL='/bin/sh'
SHLIB_EXT=''
SHM_LIBS=''
SHTOOL=''
STRIP='strip'
VALGRIND_CFLAGS=''
VALGRIND_LIBS=''
VERSION='1.12.18'
XARGS='/usr/bin/xargs'
XMKMF=''
X_CFLAGS=''
X_EXTRA_LIBS=''
X_LIBS=''
X_PRE_LIBS=''
ac_ct_AR='ar'
ac_ct_CC='gcc'
ac_ct_CXX='g++'
ac_ct_DUMPBIN=''
am__EXEEXT_FALSE=''
am__EXEEXT_TRUE=''
am__fastdepCC_FALSE=''
am__fastdepCC_TRUE='#'
am__fastdepCXX_FALSE=''
am__fastdepCXX_TRUE='#'
am__include='include'
am__isrc=''
am__leading_dot='.'
am__nodep=''
am__quote=''
am__tar='$${TAR-tar} chof - "$$tardir"'
am__untar='$${TAR-tar} xf -'
bindir='${exec_prefix}/bin'
build='x86_64-apple-darwin14.1.0'
build_alias=''
build_cpu='x86_64'
build_os='darwin14.1.0'
build_vendor='apple'
cogl_CFLAGS=''
cogl_LIBS=''
datadir='${datarootdir}'
datarootdir='${prefix}/share'
directfb_CFLAGS=''
directfb_LIBS=''
docdir='${datarootdir}/doc/${PACKAGE_TARNAME}'
drm_CFLAGS=''
drm_LIBS=''
dvidir='${docdir}'
egl_CFLAGS=''
egl_LIBS=''
exec_prefix='NONE'
gallium_DIR=''
gl_CFLAGS=''
gl_LIBS=''
glesv2_CFLAGS=''
glesv2_LIBS=''
glib_CFLAGS=''
glib_LIBS=''
gtk_CFLAGS=''
gtk_LIBS=''
host='x86_64-apple-darwin14.1.0'
host_alias=''
host_cpu='x86_64'
host_os='darwin14.1.0'
host_vendor='apple'
htmldir='${docdir}'
includedir='${prefix}/include'
infodir='${datarootdir}/info'
install_sh='${SHELL} /Users/ahsanzahid/Dev/calhacks2015/pkg-config-0.28/pixman-0.30.0/cairo-1.12.18/build/install-sh'
libdir='${exec_prefix}/lib'
libexecdir='${exec_prefix}/libexec'
localedir='${datarootdir}/locale'
localstatedir='${prefix}/var'
lzo_LIBS=''
mandir='${datarootdir}/man'
mesa_DIR=''
mkdir_p='$(top_builddir)/build/install-sh -c -d'
oldincludedir='/usr/include'
pdfdir='${docdir}'
pixman_CFLAGS=''
pixman_LIBS=''
png_CFLAGS=''
png_LIBS=''
png_REQUIRES=''
prefix='/usr/local'
program_transform_name='s,x,x,'
psdir='${docdir}'
pthread_CFLAGS=''
pthread_LIBS=''
qt_CFLAGS=''
qt_LIBS=''
real_pthread_CFLAGS=''
real_pthread_LIBS=''
sbindir='${exec_prefix}/sbin'
sharedstatedir='${prefix}/com'
shm_LIBS=''
skia_DIR=''
sysconfdir='${prefix}/etc'
target_alias=''
xcb_CFLAGS=''
xcb_LIBS=''
xcb_shm_CFLAGS=''
xcb_shm_LIBS=''
xlib_CFLAGS=''
xlib_LIBS=''
xlib_xcb_CFLAGS=''
xlib_xcb_LIBS=''
xlib_xrender_CFLAGS=''
xlib_xrender_LIBS=''

## ----------- ##
## confdefs.h. ##
## ----------- ##

/* confdefs.h */
#define PACKAGE_NAME "cairo"
#define PACKAGE_TARNAME "cairo"
#define PACKAGE_VERSION "1.12.18"
#define PACKAGE_STRING "cairo 1.12.18"
#define PACKAGE_BUGREPORT "http://bugs.freedesktop.org/enter_bug.cgi?product=cairo"
#define PACKAGE_URL "http://cairographics.org/"
#define STDC_HEADERS 1
#define HAVE_SYS_TYPES_H 1
#define HAVE_SYS_STAT_H 1
#define HAVE_STDLIB_H 1
#define HAVE_STRING_H 1
#define HAVE_MEMORY_H 1
#define HAVE_STRINGS_H 1
#define HAVE_INTTYPES_H 1
#define HAVE_STDINT_H 1
#define HAVE_UNISTD_H 1
#define __EXTENSIONS__ 1
#define _ALL_SOURCE 1
#define _GNU_SOURCE 1
#define _POSIX_PTHREAD_SEMANTICS 1
#define _TANDEM_SOURCE 1
#define HAVE_UNISTD_H 1
#define HAVE_SYS_IOCTL_H 1
#define HAVE_DLFCN_H 1
#define LT_OBJDIR ".libs/"

configure: exit 1
